proguard-project.txt
# To enable ProGuard in your project, edit project.properties
# to define the proguard.config property as described in that file.
#
# Add project specific ProGuard rules here.
# By default, the flags in this file are appended to flags specified
# in ${sdk.dir}/tools/proguard/proguard-android.txt
# You can edit the include path and order by changing the ProGuard
# include property in project.properties.
#
# For more details, see
#   http://developer.android.com/guide/developing/tools/proguard.html

# Add any project specific keep options here:

# If your project uses WebView with JS, uncomment the following
# and specify the fully qualified class name to the JavaScript interface
# class:
#-keepclassmembers class fqcn.of.javascript.interface.for.webview {
#   public *;
#}

#joda
-dontwarn org.joda.time.**
-keep public class org.joda.time.** {public private protected *;}
-keep public class org.joda.convert.** {public private protected *;}

#jackson
-keepnames class org.codehaus.jackson.** {public private protected *;}
-dontwarn org.w3c.dom.**

#parse.com
#-libraryjars \libs\Parse-1.4.1.jar
#-dontwarn com.parse.**
-keep class com.parse.** { *; }
-keepnames class com.parse.** {public private protected *;}
-keepattributes *Annotation*


######################  other suggested rules  ##################################
#suggested by this site http://docs.splunk.com/Documentation/MintSDKs/1.0/SplunkMINTSDKs/UseProGuardwithSplunkMINT 
-optimizationpasses 25
-dontusemixedcaseclassnames
-dontskipnonpubliclibraryclasses
-dontpreverify
-verbose
-optimizations !code/simplification/arithmetic,!field/*,!class/merging/*
-printmapping out.map
-renamesourcefileattribute SourceFile
-keepattributes SourceFile,LineNumberTable
-keep class com.splunk.** { *; }
-keep public class * extends android.app.Activity
-keep public class * extends android.app.Application
-keep public class * extends android.app.Service
-keep public class * extends android.content.BroadcastReceiver
-keep public class * extends android.content.ContentProvider
-keep public class * extends android.app.backup.BackupAgentHelper
-keep public class * extends android.preference.Preference
-keep public class com.android.vending.licensing.ILicensingService
-keepclasseswithmembernames class * {
    native <methods>;
}
-keepclasseswithmembers class * {
    public <init>(android.content.Context, android.util.AttributeSet);
}
-keepclasseswithmembers class * {
    public <init>(android.content.Context, android.util.AttributeSet, int);
}
-keepclassmembers class * extends android.app.Activity {
   public void *(android.view.View);
}
-keepclassmembers enum * {
    public static **[] values();
    public static ** valueOf(java.lang.String);
}
-keep class * implements android.os.Parcelable {
  public static final android.os.Parcelable$Creator *;
}
###################### End other suggested rules  ##################################


#splunk mint - former "bug sense"
-keep class com.splunk.** { *; }
-libraryjars libs/mint-4.0.7.jar