proguard/seeds.txt
com.shoogisoft.oneappleaday.MainActivity
com.shoogisoft.oneappleaday.MainActivity: MainActivity()
com.shoogisoft.oneappleaday.MainActivity: void shareSideButton(android.view.View)
com.shoogisoft.oneappleaday.MyApplication
com.shoogisoft.oneappleaday.MyApplication: MyApplication()
com.shoogisoft.oneappleaday.common.InternalMessage
com.shoogisoft.oneappleaday.common.PersistantItem
com.shoogisoft.oneappleaday.common.PersistantItem: android.os.Parcelable$Creator CREATOR
com.shoogisoft.oneappleaday.common.Utils$enShareButton: com.shoogisoft.oneappleaday.common.Utils$enShareButton[] values()
com.shoogisoft.oneappleaday.common.Utils$enShareButton: com.shoogisoft.oneappleaday.common.Utils$enShareButton valueOf(java.lang.String)
com.shoogisoft.oneappleaday.common.Utils$spinnerType: com.shoogisoft.oneappleaday.common.Utils$spinnerType[] values()
com.shoogisoft.oneappleaday.common.Utils$spinnerType: com.shoogisoft.oneappleaday.common.Utils$spinnerType valueOf(java.lang.String)
com.shoogisoft.oneappleaday.controls.RectangleRelativeLayout
com.shoogisoft.oneappleaday.controls.RectangleRelativeLayout: RectangleRelativeLayout(android.content.Context)
com.shoogisoft.oneappleaday.controls.RectangleRelativeLayout: RectangleRelativeLayout(android.content.Context,android.util.AttributeSet)
com.shoogisoft.oneappleaday.controls.RectangleRelativeLayout: RectangleRelativeLayout(android.content.Context,android.util.AttributeSet,int)
com.shoogisoft.oneappleaday.controls.SquareRelativeLayout
com.shoogisoft.oneappleaday.controls.SquareRelativeLayout: SquareRelativeLayout(android.content.Context)
com.shoogisoft.oneappleaday.controls.SquareRelativeLayout: SquareRelativeLayout(android.content.Context,android.util.AttributeSet)
com.shoogisoft.oneappleaday.controls.SquareRelativeLayout: SquareRelativeLayout(android.content.Context,android.util.AttributeSet,int)
com.shoogisoft.oneappleaday.parse.Fields
com.shoogisoft.oneappleaday.parse.PushNotificationActivity
com.shoogisoft.oneappleaday.pojo.PersistentItem
com.shoogisoft.oneappleaday.receivers.BootReceiver
com.shoogisoft.oneappleaday.receivers.BootReceiver: BootReceiver()
com.shoogisoft.oneappleaday.receivers.ParseCustomReceiver
com.shoogisoft.oneappleaday.receivers.ReferrerReceiver
com.shoogisoft.oneappleaday.receivers.ReferrerReceiver: ReferrerReceiver()
com.shoogisoft.oneappleaday.receivers.SyncReceiver
com.shoogisoft.oneappleaday.receivers.SyncReceiver: SyncReceiver()
...
org.codehaus.jackson.map.ser.impl.ReadOnlyClassToSerializerMap
org.codehaus.jackson.map.ser.impl.ReadOnlyClassToSerializerMap: org.codehaus.jackson.map.ser.impl.JsonSerializerMap _map
org.codehaus.jackson.map.ser.impl.ReadOnlyClassToSerializerMap: org.codehaus.jackson.map.ser.impl.SerializerCache$TypeKey _cacheKey
org.codehaus.jackson.map.ser.impl.ReadOnlyClassToSerializerMap: ReadOnlyClassToSerializerMap(org.codehaus.jackson.map.ser.impl.JsonSerializerMap)
org.codehaus.jackson.map.ser.impl.ReadOnlyClassToSerializerMap: org.codehaus.jackson.map.ser.impl.ReadOnlyClassToSerializerMap instance()
org.codehaus.jackson.map.ser.impl.ReadOnlyClassToSerializerMap: org.codehaus.jackson.map.ser.impl.ReadOnlyClassToSerializerMap from(java.util.HashMap)
org.codehaus.jackson.map.ser.impl.ReadOnlyClassToSerializerMap: org.codehaus.jackson.map.JsonSerializer typedValueSerializer(org.codehaus.jackson.type.JavaType)
org.codehaus.jackson.map.ser.impl.ReadOnlyClassToSerializerMap: org.codehaus.jackson.map.JsonSerializer typedValueSerializer(java.lang.Class)
org.codehaus.jackson.map.ser.impl.ReadOnlyClassToSerializerMap: org.codehaus.jackson.map.JsonSerializer untypedValueSerializer(java.lang.Class)
org.codehaus.jackson.map.ser.impl.ReadOnlyClassToSerializerMap: org.codehaus.jackson.map.JsonSerializer untypedValueSerializer(org.codehaus.jackson.type.JavaType)
org.codehaus.jackson.map.ser.impl.SerializerCache
org.codehaus.jackson.map.ser.impl.SerializerCache: java.util.HashMap _sharedMap
org.codehaus.jackson.map.ser.impl.SerializerCache: org.codehaus.jackson.map.ser.impl.ReadOnlyClassToSerializerMap _readOnlyMap
org.codehaus.jackson.map.ser.impl.SerializerCache: SerializerCache()
org.codehaus.jackson.map.ser.impl.SerializerCache: org.codehaus.jackson.map.ser.impl.ReadOnlyClassToSerializerMap getReadOnlyLookupMap()
org.codehaus.jackson.map.ser.impl.SerializerCache: int size()
org.codehaus.jackson.map.ser.impl.SerializerCache: org.codehaus.jackson.map.JsonSerializer untypedValueSerializer(java.lang.Class)
org.codehaus.jackson.map.ser.impl.SerializerCache: org.codehaus.jackson.map.JsonSerializer untypedValueSerializer(org.codehaus.jackson.type.JavaType)
org.codehaus.jackson.map.ser.impl.SerializerCache: org.codehaus.jackson.map.JsonSerializer typedValueSerializer(org.codehaus.jackson.type.JavaType)
org.codehaus.jackson.map.ser.impl.SerializerCache: org.codehaus.jackson.map.JsonSerializer typedValueSerializer(java.lang.Class)
org.codehaus.jackson.map.ser.impl.SerializerCache: void addTypedSerializer(org.codehaus.jackson.type.JavaType,org.codehaus.jackson.map.JsonSerializer)
org.codehaus.jackson.map.ser.impl.SerializerCache: void addTypedSerializer(java.lang.Class,org.codehaus.jackson.map.JsonSerializer)