proguard/mapping.txt
com.shoogisoft.oneappleaday.Adapters.FieldListAdapter2ColumnsInRow -> com.shoogisoft.oneappleaday.a.a:
    android.content.Context mContext -> a
    java.util.List mFieldList -> b
    com.readystatesoftware.viewbadger.BadgeView mInvitationBadge -> c
    com.shoogisoft.oneappleaday.Adapters.FieldListAdapter2ColumnsInRow$OnFieldSelectedListener callback -> d
    27:28:void setOnFieldSelectedListener(com.shoogisoft.oneappleaday.Adapters.FieldListAdapter2ColumnsInRow$OnFieldSelectedListener) -> a
    41:94:android.view.View getView(int,android.view.View,android.view.ViewGroup) -> getView
    104:104:int getCount() -> getCount
    109:109:com.shoogisoft.oneappleaday.parse.Fields getItem(int) -> a
    115:115:long getItemId(int) -> getItemId
    122:123:void onClick(android.view.View) -> onClick
    1:1:java.lang.Object getItem(int) -> getItem
com.shoogisoft.oneappleaday.Adapters.FieldListAdapter2ColumnsInRow$OnFieldSelectedListener -> com.shoogisoft.oneappleaday.a.b:
com.shoogisoft.oneappleaday.Adapters.ItemsListAdapter2ColumnsInRow -> com.shoogisoft.oneappleaday.a.c:
    android.content.Context mContext -> d
    java.util.ArrayList mItemList -> e
    android.view.ViewGroup mTile1 -> a
    android.view.ViewGroup mTile2 -> b
    com.nostra13.universalimageloader.core.ImageLoader imageLoader -> c
    com.shoogisoft.oneappleaday.Adapters.ItemsListAdapter2ColumnsInRow$OnItemSelectedListener callback -> f
    43:44:void setOnItemClickListener(com.shoogisoft.oneappleaday.Adapters.ItemsListAdapter2ColumnsInRow$OnItemSelectedListener) -> a
    110:172:android.view.View getView(int,android.view.View,android.view.ViewGroup) -> getView
    219:219:int getCount() -> getCount
    224:224:com.shoogisoft.oneappleaday.pojo.PersistentItem getItem(int) -> a
    230:230:long getItemId(int) -> getItemId
    235:237:void onClick(android.view.View) -> onClick
    1:1:java.lang.Object getItem(int) -> getItem
com.shoogisoft.oneappleaday.Adapters.ItemsListAdapter2ColumnsInRow$OnItemSelectedListener -> com.shoogisoft.oneappleaday.a.d:
    void onItemSelected(java.lang.String) -> a
com.shoogisoft.oneappleaday.Adapters.ItemsListAdapter2ColumnsInRow$ViewHolderItem -> com.shoogisoft.oneappleaday.a.e:
    android.widget.TextView itemTitleTile1 -> a
    android.view.ViewGroup layoutTile1 -> b
    android.widget.ImageView imgBackgroundTile1 -> c
    android.view.ViewGroup tile1 -> d
    android.widget.TextView itemTitleTile2 -> e
    android.view.ViewGroup layoutTile2 -> f
    android.view.ViewGroup tile2 -> g
    android.widget.ImageView imgBackgroundTile2 -> h
...
com.google.gson.internal.bind.TypeAdapters$5 -> com.google.a.b.a.bb:
    189:197:java.lang.Number read(com.google.gson.stream.JsonReader) -> b
    186:186:java.lang.Object read(com.google.gson.stream.JsonReader) -> a
    186:186:void write(com.google.gson.stream.JsonWriter,java.lang.Object) -> a
com.google.gson.internal.bind.TypeAdapters$6 -> com.google.a.b.a.bc:
    212:219:java.lang.Number read(com.google.gson.stream.JsonReader) -> b
    209:209:java.lang.Object read(com.google.gson.stream.JsonReader) -> a
    209:209:void write(com.google.gson.stream.JsonWriter,java.lang.Object) -> a
com.google.gson.internal.bind.TypeAdapters$7 -> com.google.a.b.a.bd:
    234:241:java.lang.Number read(com.google.gson.stream.JsonReader) -> b
    231:231:java.lang.Object read(com.google.gson.stream.JsonReader) -> a
    231:231:void write(com.google.gson.stream.JsonWriter,java.lang.Object) -> a
com.google.gson.internal.bind.TypeAdapters$8 -> com.google.a.b.a.be:
    256:263:java.lang.Number read(com.google.gson.stream.JsonReader) -> b
    253:253:java.lang.Object read(com.google.gson.stream.JsonReader) -> a
    253:253:void write(com.google.gson.stream.JsonWriter,java.lang.Object) -> a
com.google.gson.internal.bind.TypeAdapters$9 -> com.google.a.b.a.bf:
    272:272:java.lang.Object read(com.google.gson.stream.JsonReader) -> a
    272:272:void write(com.google.gson.stream.JsonWriter,java.lang.Object) -> a
com.google.gson.internal.bind.TypeAdapters$EnumTypeAdapter -> com.google.a.b.a.bg:
    java.util.Map nameToConstant -> a
    java.util.Map constantToName -> b
    717:717:java.lang.Object read(com.google.gson.stream.JsonReader) -> a
    717:717:void write(com.google.gson.stream.JsonWriter,java.lang.Object) -> a
com.google.gson.reflect.TypeToken -> com.google.a.c.a:
    java.lang.Class rawType -> a
    java.lang.reflect.Type type -> b
    int hashCode -> c
    94:94:java.lang.Class getRawType() -> a
    101:101:java.lang.reflect.Type getType() -> b
    280:280:int hashCode() -> hashCode
    284:284:boolean equals(java.lang.Object) -> equals
    289:289:java.lang.String toString() -> toString
    296:296:com.google.gson.reflect.TypeToken get(java.lang.reflect.Type) -> a
    303:303:com.google.gson.reflect.TypeToken get(java.lang.Class) -> a
com.google.gson.stream.JsonReader -> com.google.a.d.a:
    char[] NON_EXECUTE_PREFIX -> a
    java.io.Reader in -> b
    boolean lenient -> c
    char[] buffer -> d
    int pos -> e
    int limit -> f
    int lineNumber -> g
    int lineStart -> h
    int peeked -> i
    long peekedLong -> j
    int peekedNumberLength -> k
    java.lang.String peekedString -> l
    int[] stack -> m
    int stackSize -> n
    java.lang.String[] pathNames -> o
    int[] pathIndices -> p
    326:327:void setLenient(boolean) -> a
    333:333:boolean isLenient() -> p
    341:350:void beginArray() -> a
    360:369:void endArray() -> b
    379:387:void beginObject() -> c
    397:407:void endObject() -> d
    416:420:boolean hasNext() -> e
    427:461:com.google.gson.stream.JsonToken peek() -> f
    466:605:int doPeek() -> o
    610:649:int peekKeyword() -> r
    654:751:int peekNumber() -> s
    756:776:boolean isLiteral(char) -> a
    788:805:java.lang.String nextName() -> g
    817:842:java.lang.String nextString() -> h
    853:866:boolean nextBoolean() -> i
    878:886:void nextNull() -> j
    901:933:double nextDouble() -> k
    947:986:long nextLong() -> l
    1001:1033:java.lang.String nextQuotedValue(char) -> b
    1041:1098:java.lang.String nextUnquotedValue() -> t
    1103:1125:void skipQuotedValue(char) -> c
    1169:1214:int nextInt() -> m
    1221:1225:void close() -> close
    1233:1266:void skipValue() -> n
    1269:1281:void push(int) -> a
    1289:1314:boolean fillBuffer(int) -> b
com.google.gson.stream.JsonReader$1 -> com.google.a.d.b:
    1602:1617:void promoteNameToValue(com.google.gson.stream.JsonReader) -> a