proguard/usage.txt
com.shoogisoft.oneappleaday.Adapters.CategoryAdapter
com.shoogisoft.oneappleaday.Adapters.ItemsListAdapter
com.shoogisoft.oneappleaday.Adapters.ItemsListAdapter$ViewHolderItem
com.shoogisoft.oneappleaday.Adapters.ItemsListAdapter2ColumnsInRow:
    private com.readystatesoftware.viewbadger.BadgeView mInvitationBadge
com.shoogisoft.oneappleaday.Adapters.ItemsListAdapter2ColumnsInRow$ViewHolderItem:
    int itemIndex1
    int itemIndex2
com.shoogisoft.oneappleaday.Adapters.ItemsPagerAdapter:
    private android.widget.ImageView mBtnShare
com.shoogisoft.oneappleaday.BuildConfig
com.shoogisoft.oneappleaday.MainActivity:
    public static final int MENU_ITEM_HOME
    public static final int MENU_ITEM_INVITATIONS
    public static final int MENU_ITEM_LOGOUT
    public static final int MENU_ITEM_PREFS
    268:279:private void handleMenuItemSelection(int)
    315:317:public void openSelectedField(java.lang.String)
    376:377:public void onFragmentAttached(java.lang.String)
com.shoogisoft.oneappleaday.MyApplication:
    private static final java.lang.String FIELD_PROMOTER_ID
    private static com.parse.ParseFacebookUtils$Permissions$User mUser
    public static android.graphics.Point mScreenDimensions
    public static int ScreenHeight
    72:73:public static void setScreenDimensions(android.graphics.Point)
    76:76:public static android.graphics.Point getScreenDimensions()
    110:123:public static void setInstallationParams(java.lang.String,boolean)
    126:130:public static void clearInstallationParams()
    133:134:private void facebookIdentityInit()
    142:142:public static com.parse.ParseFacebookUtils$Permissions$User getUser()
com.shoogisoft.oneappleaday.R
com.shoogisoft.oneappleaday.R$anim
com.shoogisoft.oneappleaday.R$animator
com.shoogisoft.oneappleaday.R$attr
com.shoogisoft.oneappleaday.R$bool
com.shoogisoft.oneappleaday.R$color
com.shoogisoft.oneappleaday.R$dimen
com.shoogisoft.oneappleaday.R$drawable
com.shoogisoft.oneappleaday.R$id
com.shoogisoft.oneappleaday.R$integer
com.shoogisoft.oneappleaday.R$layout
com.shoogisoft.oneappleaday.R$menu
com.shoogisoft.oneappleaday.R$string
com.shoogisoft.oneappleaday.R$style
com.shoogisoft.oneappleaday.R$styleable
com.shoogisoft.oneappleaday.common.Constants
com.shoogisoft.oneappleaday.common.GoogleAnalyticsAdapter:
    11:11:public GoogleAnalyticsAdapter()
    14:17:public static void startActivity(android.app.Activity)
    20:23:public static void stopActivity(android.app.Activity)
com.shoogisoft.oneappleaday.common.GoogleAnalyticsAdapter$General
com.shoogisoft.oneappleaday.common.GoogleAnalyticsAdapter$ItemView
com.shoogisoft.oneappleaday.common.GoogleAnalyticsAdapter$Share
com.shoogisoft.oneappleaday.common.GoogleAnalyticsAdapter$Vote
com.shoogisoft.oneappleaday.common.InternalMessage:
    public static final int MESSAGE_LOGIN_STATE_CHANGE
    public static final int MESSAGE_PROMOTER_ID_SAVED
    public static final int MESSAGE_LOGIN_FAILURE
    public static final int MESSAGE_FACEBOOK_LOGIN_FAILURE
    public static final int MESSAGE_SIGNUP_FAILURE
    public static final int MESSAGE_SETUP_DONE
    public static final int MESSAGE_LOGOUT
    public static final int MESSAGE_SELECT_MENU_ITEM
    public static final int MESSAGE_SHOW_SPINNER_WITH_TEXT
    public static final int MESSAGE_SHOW_SPINNER_NO_BACKGROUND
    public static final int MESSAGE_SHOW_SETUP_WIZARD_SPINNER
    public static final int MESSAGE_FACEBOOK_EMAIL_RESOLVED
    public static final int MESSAGE_LOGIN_SUCCESSFUL
    public static final int MESSAGE_OPEN_FIELD_FRAGMENT
    public static final int MESSAGE_SET_WELCOME_MESSAGE_VISIBILITY
    public static final int MESSAGE_OPEN_ITEM_PAGER_FRAGMENT
    public static final int MESSAGE_QUIT
    40:41:public InternalMessage(int,java.lang.String,com.shoogisoft.oneappleaday.parse.Fields)
    74:78:private void readFromParcel(android.os.Parcel)
...
org.codehaus.jackson.map.deser.SettableBeanProperty$ManagedReferenceProperty
org.codehaus.jackson.map.deser.SettableBeanProperty$MethodProperty
org.codehaus.jackson.map.deser.SettableBeanProperty$NullProvider
org.codehaus.jackson.map.deser.SettableBeanProperty$SetterlessProperty
org.codehaus.jackson.map.deser.StdDeserializationContext
org.codehaus.jackson.map.deser.StdDeserializer
org.codehaus.jackson.map.deser.StdDeserializer$CalendarDeserializer
org.codehaus.jackson.map.deser.StdDeserializer$ClassDeserializer
org.codehaus.jackson.map.deser.StdDeserializer$StringDeserializer
org.codehaus.jackson.map.deser.StdDeserializerProvider
org.codehaus.jackson.map.deser.StdDeserializerProvider$WrappedDeserializer
org.codehaus.jackson.map.deser.StdDeserializers
org.codehaus.jackson.map.deser.StdKeyDeserializer
org.codehaus.jackson.map.deser.StdKeyDeserializers
org.codehaus.jackson.map.deser.StdScalarDeserializer
org.codehaus.jackson.map.deser.ThrowableDeserializer
org.codehaus.jackson.map.deser.UntypedObjectDeserializer
org.codehaus.jackson.map.deser.ValueInstantiator
org.codehaus.jackson.map.deser.ValueInstantiators
org.codehaus.jackson.map.deser.ValueInstantiators$Base
org.codehaus.jackson.map.deser.impl.BeanPropertyMap
org.codehaus.jackson.map.deser.impl.BeanPropertyMap$Bucket
org.codehaus.jackson.map.deser.impl.BeanPropertyMap$IteratorImpl
org.codehaus.jackson.map.deser.impl.CreatorCollector
org.codehaus.jackson.map.deser.impl.CreatorProperty
org.codehaus.jackson.map.deser.impl.ExternalTypeHandler
org.codehaus.jackson.map.deser.impl.ExternalTypeHandler$Builder
org.codehaus.jackson.map.deser.impl.ExternalTypeHandler$ExtTypedProperty
org.codehaus.jackson.map.deser.impl.PropertyBasedCreator
org.codehaus.jackson.map.deser.impl.PropertyValue
org.codehaus.jackson.map.deser.impl.PropertyValue$Any
org.codehaus.jackson.map.deser.impl.PropertyValue$Map
org.codehaus.jackson.map.deser.impl.PropertyValue$Regular
org.codehaus.jackson.map.deser.impl.PropertyValueBuffer
org.codehaus.jackson.map.deser.impl.UnwrappedPropertyHandler
org.codehaus.jackson.map.deser.impl.ValueInjector
org.codehaus.jackson.map.deser.std.AtomicBooleanDeserializer
org.codehaus.jackson.map.deser.std.AtomicReferenceDeserializer
org.codehaus.jackson.map.deser.std.BaseNodeDeserializer
org.codehaus.jackson.map.deser.std.BaseNodeDeserializer$1
org.codehaus.jackson.map.deser.std.CalendarDeserializer
org.codehaus.jackson.map.deser.std.ClassDeserializer
org.codehaus.jackson.map.deser.std.CollectionDeserializer
org.codehaus.jackson.map.deser.std.ContainerDeserializerBase
org.codehaus.jackson.map.deser.std.DateDeserializer
org.codehaus.jackson.map.deser.std.EnumDeserializer
org.codehaus.jackson.map.deser.std.EnumDeserializer$FactoryBasedDeserializer
org.codehaus.jackson.map.deser.std.EnumMapDeserializer
org.codehaus.jackson.map.deser.std.EnumSetDeserializer
org.codehaus.jackson.map.deser.std.FromStringDeserializer
org.codehaus.jackson.map.deser.std.FromStringDeserializer$CharsetDeserializer
org.codehaus.jackson.map.deser.std.FromStringDeserializer$CurrencyDeserializer
org.codehaus.jackson.map.deser.std.FromStringDeserializer$InetAddressDeserializer
org.codehaus.jackson.map.deser.std.FromStringDeserializer$LocaleDeserializer
org.codehaus.jackson.map.deser.std.FromStringDeserializer$PatternDeserializer
org.codehaus.jackson.map.deser.std.FromStringDeserializer$TimeZoneDeserializer
org.codehaus.jackson.map.deser.std.FromStringDeserializer$URIDeserializer
org.codehaus.jackson.map.deser.std.FromStringDeserializer$URLDeserializer
org.codehaus.jackson.map.deser.std.FromStringDeserializer$UUIDDeserializer
org.codehaus.jackson.map.deser.std.JavaTypeDeserializer
org.codehaus.jackson.map.deser.std.JsonNodeDeserializer
org.codehaus.jackson.map.deser.std.JsonNodeDeserializer$1
org.codehaus.jackson.map.deser.std.JsonNodeDeserializer$ArrayDeserializer
org.codehaus.jackson.map.deser.std.JsonNodeDeserializer$ObjectDeserializer
org.codehaus.jackson.map.deser.std.MapDeserializer